Added Component: Designator=C14(0603_C)
Added Component: Designator=P3(HDR1X3)
Added Component: Designator=R21(0603_R)
Added Component: Designator=U4(LC-SOIC-8_150mil)
Added Pin To Net: NetName=VCC3.3 Pin=C14-1
Added Pin To Net: NetName=GND Pin=C14-2
Added Pin To Net: NetName=GND Pin=P3-3
Added Pin To Net: NetName=GND Pin=U4-2
Added Pin To Net: NetName=VCC3.3 Pin=U4-3
Added Pin To Net: NetName=GND Pin=U4-8
Added Pin To Net: NetName=CAN_H Pin=P3-1
Added Pin To Net: NetName=CAN_H Pin=R21-2
Added Pin To Net: NetName=CAN_H Pin=U4-7
Added Net: Name=CAN_H
Added Pin To Net: NetName=CAN_L Pin=P3-2
Added Pin To Net: NetName=CAN_L Pin=R21-1
Added Pin To Net: NetName=CAN_L Pin=U4-6
Added Net: Name=CAN_L
Added Pin To Net: NetName=CAN_RX Pin=U1-45
Added Pin To Net: NetName=CAN_RX Pin=U4-4
Added Net: Name=CAN_RX
Added Pin To Net: NetName=CAN_TX Pin=U1-46
Added Pin To Net: NetName=CAN_TX Pin=U4-1
Added Net: Name=CAN_TX
Added Member To Class: ClassName=Sheet2 Member=Component C14 104
Added Member To Class: ClassName=Sheet2 Member=Component P3 Header 3
Added Member To Class: ClassName=Sheet2 Member=Component R21 120R
Added Member To Class: ClassName=Sheet2 Member=Component U4 SN65HVD230
