Added Component: Designator=C1(0805_C)
Added Component: Designator=C2(0805_C)
Added Component: Designator=C3(0805_C)
Added Component: Designator=C5(0805_C)
Added Component: Designator=C7(0805_C)
Added Component: Designator=C8(0805_C)
Added Component: Designator=C9(0805_C)
Added Component: Designator=C10(0805_C)
Added Component: Designator=D1(SMB(DO-214AA)_S1)
Added Component: Designator=R1(0603_R)
Added Component: Designator=R2(0603_R)
Added Component: Designator=R3(0603_R)
Added Component: Designator=R4(0603_R)
Added Component: Designator=R5(0603_R)
Added Component: Designator=R6(0603_R)
Added Component: Designator=R7(0603_R)
Added Component: Designator=R8(0603_R)
Added Component: Designator=R9(0603_R)
Added Component: Designator=R10(0603_R)
Added Component: Designator=R11(0603_R)
Added Component: Designator=R12(0603_R)
Added Component: Designator=R13(0603_R)
Added Component: Designator=R14(0603_R)
Added Component: Designator=R15(0603_R)
Added Component: Designator=R16(0603_R)
Added Component: Designator=R17(0603_R)
Added Component: Designator=R18(0603_R)
Added Component: Designator=R19(0603_R)
Added Component: Designator=R20(0603_R)
Added Component: Designator=U1(LQFP-48_7x7x05P)
Added Pin To Net: NetName=VCC3.3 Pin=C1-1
Added Pin To Net: NetName=GND Pin=C1-2
Added Pin To Net: NetName=VCC3.3 Pin=C2-1
Added Pin To Net: NetName=GND Pin=C2-2
Added Pin To Net: NetName=VCC3.3 Pin=C3-1
Added Pin To Net: NetName=GND Pin=C3-2
Added Pin To Net: NetName=NetC5_1 Pin=C5-1
Added Pin To Net: NetName=GND Pin=C5-2
Added Pin To Net: NetName=NetC7_1 Pin=C7-1
Added Pin To Net: NetName=GND Pin=C7-2
Added Pin To Net: NetName=NetC8_1 Pin=C8-1
Added Pin To Net: NetName=GND Pin=C8-2
Added Pin To Net: NetName=GND Pin=C9-1
Added Pin To Net: NetName=VCC3.3 Pin=C9-2
Added Pin To Net: NetName=GND Pin=C10-1
Added Pin To Net: NetName=VCC Pin=C10-2
Added Pin To Net: NetName=VCC3.3 Pin=D1-1
Added Pin To Net: NetName=GND Pin=D1-2
Added Pin To Net: NetName=VCC3.3 Pin=R1-1
Added Pin To Net: NetName=NetD2_A Pin=R1-2
Added Pin To Net: NetName=VCC3.3 Pin=R2-1
Added Pin To Net: NetName=NetD3_A Pin=R2-2
Added Pin To Net: NetName=KEY_Z Pin=R3-1
Added Pin To Net: NetName=ADC4 Pin=R3-2
Added Pin To Net: NetName=ADC4 Pin=R4-1
Added Pin To Net: NetName=GND Pin=R4-2
Added Pin To Net: NetName=NetD4_1 Pin=R5-1
Added Pin To Net: NetName=VCC3.3 Pin=R5-2
Added Pin To Net: NetName=KEY_Y Pin=R6-1
Added Pin To Net: NetName=ADC5 Pin=R6-2
Added Pin To Net: NetName=ADC5 Pin=R7-1
Added Pin To Net: NetName=GND Pin=R7-2
Added Pin To Net: NetName=NetD5_1 Pin=R8-1
Added Pin To Net: NetName=VCC3.3 Pin=R8-2
Added Pin To Net: NetName=KEY_X Pin=R9-1
Added Pin To Net: NetName=ADC6 Pin=R9-2
Added Pin To Net: NetName=ADC6 Pin=R10-1
Added Pin To Net: NetName=GND Pin=R10-2
Added Pin To Net: NetName=NetD6_1 Pin=R11-1
Added Pin To Net: NetName=VCC3.3 Pin=R11-2
Added Pin To Net: NetName=NetD7_1 Pin=R12-1
Added Pin To Net: NetName=VCC3.3 Pin=R12-2
Added Pin To Net: NetName=NetD8_1 Pin=R13-1
Added Pin To Net: NetName=VCC3.3 Pin=R13-2
Added Pin To Net: NetName=VCC Pin=R14-1
Added Pin To Net: NetName=NetD9_A Pin=R14-2
Added Pin To Net: NetName=VCC3.3 Pin=R15-1
Added Pin To Net: NetName=NetD10_A Pin=R15-2
Added Pin To Net: NetName=NetD11_1 Pin=R16-1
Added Pin To Net: NetName=VCC3.3 Pin=R16-2
Added Pin To Net: NetName=NetD12_1 Pin=R17-1
Added Pin To Net: NetName=VCC3.3 Pin=R17-2
Added Pin To Net: NetName=NetD13_1 Pin=R18-1
Added Pin To Net: NetName=VCC3.3 Pin=R18-2
Added Pin To Net: NetName=NetD14_1 Pin=R19-1
Added Pin To Net: NetName=VCC3.3 Pin=R19-2
Added Pin To Net: NetName=NetD15_1 Pin=R20-1
Added Pin To Net: NetName=VCC3.3 Pin=R20-2
Added Pin To Net: NetName=VCC3.3 Pin=U1-1
Added Pin To Net: NetName=NetC5_1 Pin=U1-5
Added Pin To Net: NetName=NetC7_1 Pin=U1-6
Added Pin To Net: NetName=NetC8_1 Pin=U1-7
Added Pin To Net: NetName=GND Pin=U1-8
Added Pin To Net: NetName=VCC3.3 Pin=U1-9
Added Pin To Net: NetName=SW3 Pin=U1-11
Added Pin To Net: NetName=PA2_U2_TX Pin=U1-12
Added Pin To Net: NetName=PA3_U2_RX Pin=U1-13
Added Pin To Net: NetName=ADC4 Pin=U1-14
Added Pin To Net: NetName=ADC5 Pin=U1-15
Added Pin To Net: NetName=ADC6 Pin=U1-16
Added Pin To Net: NetName=GND Pin=U1-20
Added Pin To Net: NetName=NetD10_K Pin=U1-22
Added Pin To Net: NetName=GND Pin=U1-23
Added Pin To Net: NetName=VCC3.3 Pin=U1-24
Added Pin To Net: NetName=SW2 Pin=U1-25
Added Pin To Net: NetName=KEY1 Pin=U1-26
Added Pin To Net: NetName=KEY2 Pin=U1-27
Added Pin To Net: NetName=KEY3 Pin=U1-28
Added Pin To Net: NetName=KEY4 Pin=U1-29
Added Pin To Net: NetName=U1_TX Pin=U1-30
Added Pin To Net: NetName=U1_RX Pin=U1-31
Added Pin To Net: NetName=SW1 Pin=U1-32
Added Pin To Net: NetName=JTMS Pin=U1-34
Added Pin To Net: NetName=GND Pin=U1-35
Added Pin To Net: NetName=VCC3.3 Pin=U1-36
Added Pin To Net: NetName=JTCK Pin=U1-37
Added Pin To Net: NetName=LED1 Pin=U1-39
Added Pin To Net: NetName=LED2 Pin=U1-40
Added Pin To Net: NetName=LED3 Pin=U1-41
Added Pin To Net: NetName=LED4 Pin=U1-42
Added Pin To Net: NetName=LED5 Pin=U1-43
Added Pin To Net: NetName=GND Pin=U1-44
Added Pin To Net: NetName=GND Pin=U1-47
Added Pin To Net: NetName=VCC3.3 Pin=U1-48
Added Member To Class: ClassName=Sheet2 Member=Component C1 104
Added Member To Class: ClassName=Sheet2 Member=Component C2 104
Added Member To Class: ClassName=Sheet2 Member=Component C3 104
Added Member To Class: ClassName=Sheet2 Member=Component C5 22pF
Added Member To Class: ClassName=Sheet2 Member=Component C7 22pF
Added Member To Class: ClassName=Sheet2 Member=Component C8 104
Added Member To Class: ClassName=Sheet2 Member=Component C9 104
Added Member To Class: ClassName=Sheet2 Member=Component C10 104
Added Member To Class: ClassName=Sheet2 Member=Component D1 SMBJ3.3A
Added Member To Class: ClassName=Sheet2 Member=Component R1 1k
Added Member To Class: ClassName=Sheet2 Member=Component R2 1k
Added Member To Class: ClassName=Sheet2 Member=Component R3 1k
Added Member To Class: ClassName=Sheet2 Member=Component R4 1.5k
Added Member To Class: ClassName=Sheet2 Member=Component R5 102
Added Member To Class: ClassName=Sheet2 Member=Component R6 1k
Added Member To Class: ClassName=Sheet2 Member=Component R7 1.5k
Added Member To Class: ClassName=Sheet2 Member=Component R8 102
Added Member To Class: ClassName=Sheet2 Member=Component R9 1k
Added Member To Class: ClassName=Sheet2 Member=Component R10 1.5k
Added Member To Class: ClassName=Sheet2 Member=Component R11 102
Added Member To Class: ClassName=Sheet2 Member=Component R12 102
Added Member To Class: ClassName=Sheet2 Member=Component R13 102
Added Member To Class: ClassName=Sheet2 Member=Component R14 1k
Added Member To Class: ClassName=Sheet2 Member=Component R15 1k
Added Member To Class: ClassName=Sheet2 Member=Component R16 102
Added Member To Class: ClassName=Sheet2 Member=Component R17 102
Added Member To Class: ClassName=Sheet2 Member=Component R18 102
Added Member To Class: ClassName=Sheet2 Member=Component R19 102
Added Member To Class: ClassName=Sheet2 Member=Component R20 102
Added Member To Class: ClassName=Sheet2 Member=Component U1 STM32F103C8T6
