Removed Pin From Net: NetName=LED6 Pin=D4-2
Removed Pin From Net: NetName=LED7 Pin=D5-2
Removed Pin From Net: NetName=LED8 Pin=D6-2
Removed Pin From Net: NetName=LED9 Pin=D7-2
Removed Pin From Net: NetName=LED10 Pin=D8-2
Removed Pin From Net: NetName=LED1 Pin=D11-2
Removed Pin From Net: NetName=LED2 Pin=D12-2
Removed Pin From Net: NetName=LED3 Pin=D13-2
Removed Pin From Net: NetName=LED4 Pin=D14-2
Removed Pin From Net: NetName=LED5 Pin=D15-2
Removed Pin From Net: NetName=VCC3.3 Pin=R5-2
Removed Pin From Net: NetName=VCC3.3 Pin=R8-2
Removed Pin From Net: NetName=VCC3.3 Pin=R11-2
Removed Pin From Net: NetName=VCC3.3 Pin=R12-2
Removed Pin From Net: NetName=VCC3.3 Pin=R13-2
Removed Pin From Net: NetName=VCC3.3 Pin=R16-2
Removed Pin From Net: NetName=VCC3.3 Pin=R17-2
Removed Pin From Net: NetName=VCC3.3 Pin=R18-2
Removed Pin From Net: NetName=VCC3.3 Pin=R19-2
Removed Pin From Net: NetName=VCC3.3 Pin=R20-2
Removed Member From Class: ClassName=Sheet2 Member=D4
Removed Member From Class: ClassName=Sheet2 Member=D5
Removed Member From Class: ClassName=Sheet2 Member=D6
Removed Member From Class: ClassName=Sheet2 Member=D7
Removed Member From Class: ClassName=Sheet2 Member=D8
Removed Member From Class: ClassName=Sheet2 Member=D11
Removed Member From Class: ClassName=Sheet2 Member=D12
Removed Member From Class: ClassName=Sheet2 Member=D13
Removed Member From Class: ClassName=Sheet2 Member=D14
Removed Member From Class: ClassName=Sheet2 Member=D15
Removed Member From Class: ClassName=Sheet2 Member=R5
Removed Member From Class: ClassName=Sheet2 Member=R8
Removed Member From Class: ClassName=Sheet2 Member=R11
Removed Member From Class: ClassName=Sheet2 Member=R12
Removed Member From Class: ClassName=Sheet2 Member=R13
Removed Member From Class: ClassName=Sheet2 Member=R16
Removed Member From Class: ClassName=Sheet2 Member=R17
Removed Member From Class: ClassName=Sheet2 Member=R18
Removed Member From Class: ClassName=Sheet2 Member=R19
Removed Member From Class: ClassName=Sheet2 Member=R20
Added Component: Designator=P5(XH11)
Added Pin To Net: NetName=LED1 Pin=P5-1
Added Pin To Net: NetName=LED2 Pin=P5-2
Added Pin To Net: NetName=LED3 Pin=P5-3
Added Pin To Net: NetName=LED4 Pin=P5-4
Added Pin To Net: NetName=LED5 Pin=P5-5
Added Pin To Net: NetName=LED6 Pin=P5-6
Added Pin To Net: NetName=LED7 Pin=P5-7
Added Pin To Net: NetName=LED8 Pin=P5-8
Added Pin To Net: NetName=LED9 Pin=P5-9
Added Pin To Net: NetName=LED10 Pin=P5-10
Added Pin To Net: NetName=VCC3.3 Pin=P5-11
Added Member To Class: ClassName=Sheet2 Member=Component P5 Header 11
