Change Component Designator: Old Designator=C5 New Designator=C?
Change Component Designator: Old Designator=C6 New Designator=C?
Change Component Designator: Old Designator=C7 New Designator=C?
Change Component Designator: Old Designator=C7 New Designator=C?
Change Component Designator: Old Designator=C8 New Designator=C?
Change Component Designator: Old Designator=C9 New Designator=C?
Change Component Designator: Old Designator=C10 New Designator=C?
Change Component Designator: Old Designator=C11 New Designator=C?
Change Component Designator: Old Designator=C12 New Designator=C?
Change Component Designator: Old Designator=D1 New Designator=D?
Change Component Designator: Old Designator=D40 New Designator=D?
Change Component Designator: Old Designator=P3 New Designator=P?
Change Component Designator: Old Designator=R1 New Designator=R?
Change Component Designator: Old Designator=R1 New Designator=R?
Change Component Designator: Old Designator=R1 New Designator=R?
Change Component Designator: Old Designator=R1 New Designator=R?
Change Component Designator: Old Designator=R1 New Designator=R?
Change Component Designator: Old Designator=R1 New Designator=R?
Change Component Designator: Old Designator=R1 New Designator=R?
Change Component Designator: Old Designator=U2 New Designator=U?
Change Component Designator: Old Designator=U4 New Designator=U?
Change Component Designator: Old Designator=Y1 New Designator=Y?
